C51 COMPILER V9.54   UART                                                                  04/29/2018 19:15:19 PAGE 1   


C51 COMPILER V9.54, COMPILATION OF MODULE UART
OBJECT MODULE PLACED IN .\Objects\uart.obj
COMPILER INVOKED BY: D:\keilv5\C51\BIN\C51.EXE Scr\uart.c OPTIMIZE(8,SPEED) BROWSE INCDIR(.\Inc) DEBUG OBJECTEXTEND PRIN
                    -T(.\Listings\uart.lst) OBJECT(.\Objects\uart.obj)

line level    source

   1          
   2          
   3          
   4          #include <STC15F2K60S2.H>
   5          #include "uart.h"
   6          
   7          
   8          void UartInit(void)                 //9600bps@11.0592MHz
   9          {
  10   1              PCON &= 0x7F;                 //波特率不倍速
  11   1              SCON = 0x50;                 //8位数据,可变波特率
  12   1              AUXR |= 0x40;               //定时器1时钟为Fosc,即1T
  13   1              AUXR &= 0xFE;              //串口1选择定时器1为波特率发生器
  14   1              TMOD &= 0x0F;             //清除定时器1模式位
  15   1              TMOD |= 0x20;            //设定定时器1为8位自动重装方式
  16   1              TL1 = 0xDC;               //设定定时初值
  17   1              TH1 = 0xDC;              //设定定时器重装值
  18   1              ET1 = 0;                  //禁止定时器1中断
  19   1              TR1 = 1;                 //启动定时器1
  20   1      }
  21          
  22          /*----------------------------
  23          发送串口数据
  24          ----------------------------*/
  25          void SendData(unsigned int ch)
  26          {
  27   1          SBUF = ch;                 //写数据到UART数据寄存器
  28   1                      while(TI == 0);
  29   1                      TI = 0;
  30   1      }
  31          
  32          /*----------------------------
  33          发送字符串
  34          ----------------------------*/
  35          void SendString(char *s)
  36          {
  37   1          while (*s)                  //检测字符串结束标志
  38   1          {
  39   2              SendData(*s++);         //发送当前字符
  40   2          }
  41   1      }


MODULE INFORMATION:   STATIC OVERLAYABLE
   CODE SIZE        =     78    ----
   CONSTANT SIZE    =   ----    ----
   XDATA SIZE       =   ----    ----
   PDATA SIZE       =   ----    ----
   DATA SIZE        =   ----       3
   IDATA SIZE       =   ----    ----
   BIT SIZE         =   ----    ----
END OF MODULE INFORMATION.


C51 COMPILATION COMPLETE.  0 WARNING(S),  0 ERROR(S)
